[2026-01-14 10:04:03] El archivo 'notas.txt' no existe
[2026-01-14 10:04:04] El archivo 'notas.txt' no existe
[2026-01-14 10:05:57] El archivo 'notas.txt' no existe
[2026-01-14 10:05:58] El archivo 'notas.txt' no existe
[2026-01-14 10:07:43] El archivo 'notas.txt' no existe
[2026-01-14 10:07:44] El archivo 'notas.txt' no existe
[2026-01-14 10:08:26] El archivo 'notas.txt' no existe
[2026-01-14 10:08:31] El archivo 'notas.txt' no existe
[2026-01-14 10:08:31] El archivo 'notas.txt' no existe
[2026-01-14 10:08:32] El archivo 'notas.txt' no existe
[2026-01-14 10:08:32] El archivo 'notas.txt' no existe
[2026-01-14 10:08:32] El archivo 'notas.txt' no existe
[2026-01-14 10:08:51] El archivo 'notas.txt' no existe
[2026-01-14 10:08:52] El archivo 'notas.txt' no existe
[2026-01-14 10:10:58] El archivo 'notas.txt' no existe
[2026-01-14 11:43:17] El archivo 'notas.txt' no existe
[2026-01-14 11:43:52] El archivo 'notas.txt' no existe
[2026-01-15 09:21:16] El archivo 'notas.txt' no existe
[2026-01-15 09:21:27] ERROR: El correo debe contener una @
[2026-01-15 11:33:39] ERROR: El correo debe contener una @
[2026-01-17 12:49:07] El archivo '' no existe.
[2026-01-17 12:49:14] El archivo 'hola.log' no existe.
[2026-01-17 12:50:28] El archivo 'hola.log' no existe.
[2026-01-17 12:50:31] El archivo 'hola.log' no existe.
[2026-01-18 13:28:31] El archivo 'hola.log' no existe.
[2026-01-18 13:28:48] El archivo 'quien.log' no existe.
[2026-01-18 13:28:50] El archivo 'a.log' no existe.
[2026-01-18 13:29:34] El archivo 'user.log' no existe.
[2026-01-18 13:39:04] El archivo 'aaaa.log' no existe.
[2026-01-18 13:39:12] El archivo 'hola.log' no existe.
[2026-01-18 13:42:27] El archivo 'hola.log' no existe.
[2026-01-18 13:42:30] El archivo 'hola.log' no existe.
[2026-01-19 11:06:46] El archivo 'texto.txt' no existe.
